2021-04-26 20:46:17.107  INFO 6100 --- [main] com.wu.Springboot2TestbankApplication    : Starting Springboot2TestbankApplication using Java 1.8.0_251 on 吴磊 with PID 6100 (D:\IDEA\frame\testspring\springboot2_testbank\target\classes started by 29216 in D:\IDEA\frame\testspring)
2021-04-26 20:46:17.107  INFO 6100 --- [main] com.wu.Springboot2TestbankApplication    : No active profile set, falling back to default profiles: default
2021-04-26 20:46:20.287  INFO 6100 --- [main] com.wu.Springboot2TestbankApplication    : Started Springboot2TestbankApplication in 3.893 seconds (JVM running for 5.915)
2021-04-26 20:47:59.574  INFO 4264 --- [main] com.wu.Springboot2TestbankApplication    : Starting Springboot2TestbankApplication using Java 1.8.0_251 on 吴磊 with PID 4264 (D:\IDEA\frame\testspring\springboot2_testbank\target\classes started by 29216 in D:\IDEA\frame\testspring)
2021-04-26 20:47:59.574  INFO 4264 --- [main] com.wu.Springboot2TestbankApplication    : No active profile set, falling back to default profiles: default
2021-04-26 20:48:01.896  INFO 4264 --- [main] com.wu.Springboot2TestbankApplication    : Started Springboot2TestbankApplication in 2.746 seconds (JVM running for 4.071)
2021-04-26 20:49:24.994  INFO 2244 --- [main] com.wu.Springboot2TestbankApplication    : Starting Springboot2TestbankApplication using Java 1.8.0_251 on 吴磊 with PID 2244 (D:\IDEA\frame\testspring\springboot2_testbank\target\classes started by 29216 in D:\IDEA\frame\testspring)
2021-04-26 20:49:25.004  INFO 2244 --- [main] com.wu.Springboot2TestbankApplication    : No active profile set, falling back to default profiles: default
2021-04-26 20:49:26.944  INFO 2244 --- [main] com.wu.Springboot2TestbankApplication    : Started Springboot2TestbankApplication in 2.375 seconds (JVM running for 3.847)
2021-04-26 20:50:55.072  INFO 8852 --- [main] com.wu.Springboot2TestbankApplication    : Starting Springboot2TestbankApplication using Java 1.8.0_251 on 吴磊 with PID 8852 (D:\IDEA\frame\testspring\springboot2_testbank\target\classes started by 29216 in D:\IDEA\frame\testspring)
2021-04-26 20:50:55.072  INFO 8852 --- [main] com.wu.Springboot2TestbankApplication    : No active profile set, falling back to default profiles: default
2021-04-26 20:50:56.952  INFO 8852 --- [main] com.wu.Springboot2TestbankApplication    : Started Springboot2TestbankApplication in 2.301 seconds (JVM running for 3.733)
2021-04-26 20:51:07.096  INFO 15976 --- [main] com.wu.Springboot2TestbankApplication    : Starting Springboot2TestbankApplication using Java 1.8.0_251 on 吴磊 with PID 15976 (D:\IDEA\frame\testspring\springboot2_testbank\target\classes started by 29216 in D:\IDEA\frame\testspring)
2021-04-26 20:51:07.099  INFO 15976 --- [main] com.wu.Springboot2TestbankApplication    : No active profile set, falling back to default profiles: default
2021-04-26 20:51:09.220  INFO 15976 --- [main] com.wu.Springboot2TestbankApplication    : Started Springboot2TestbankApplication in 2.612 seconds (JVM running for 4.293)
2021-04-26 20:54:43.692  INFO 4308 --- [main] com.wu.Springboot2TestbankApplication    : Starting Springboot2TestbankApplication using Java 1.8.0_251 on 吴磊 with PID 4308 (D:\IDEA\frame\testspring\springboot2_testbank\target\classes started by 29216 in D:\IDEA\frame\testspring)
2021-04-26 20:54:43.694  INFO 4308 --- [main] com.wu.Springboot2TestbankApplication    : No active profile set, falling back to default profiles: default
2021-04-26 20:54:46.205  INFO 4308 --- [main] com.wu.Springboot2TestbankApplication    : Started Springboot2TestbankApplication in 3.042 seconds (JVM running for 4.57)
2021-04-26 20:57:53.876  INFO 1608 --- [main] com.wu.Springboot2TestbankApplication    : Starting Springboot2TestbankApplication using Java 1.8.0_251 on 吴磊 with PID 1608 (D:\IDEA\frame\testspring\springboot2_testbank\target\classes started by 29216 in D:\IDEA\frame\testspring)
2021-04-26 20:57:53.876  INFO 1608 --- [main] com.wu.Springboot2TestbankApplication    : No active profile set, falling back to default profiles: default
2021-04-26 20:57:55.886  INFO 1608 --- [main] com.wu.Springboot2TestbankApplication    : Started Springboot2TestbankApplication in 2.587 seconds (JVM running for 4.149)
2021-04-26 20:58:09.391  WARN 1608 --- [http-nio-8081-exec-4] .w.s.m.s.DefaultHandlerExceptionResolver : Resolved [org.springframework.validation.BindException: org.springframework.validation.BeanPropertyBindingResult: 1 errors
Field error in object 'accountVO' on field 'money': rejected value [{params}]; codes [typeMismatch.accountVO.money,typeMismatch.money,typeMismatch.java.lang.Double,typeMismatch]; arguments [org.springframework.context.support.DefaultMessageSourceResolvable: codes [accountVO.money,money]; arguments []; default message [money]]; default message [Failed to convert property value of type 'java.lang.String' to required type 'java.lang.Double' for property 'money'; nested exception is java.lang.NumberFormatException: For input string: "{params}"]]
2021-04-26 20:58:27.538  WARN 1608 --- [http-nio-8081-exec-3] .w.s.m.s.DefaultHandlerExceptionResolver : Resolved [org.springframework.validation.BindException: org.springframework.validation.BeanPropertyBindingResult: 1 errors
Field error in object 'accountVO' on field 'money': rejected value [{params}]; codes [typeMismatch.accountVO.money,typeMismatch.money,typeMismatch.java.lang.Double,typeMismatch]; arguments [org.springframework.context.support.DefaultMessageSourceResolvable: codes [accountVO.money,money]; arguments []; default message [money]]; default message [Failed to convert property value of type 'java.lang.String' to required type 'java.lang.Double' for property 'money'; nested exception is java.lang.NumberFormatException: For input string: "{params}"]]
2021-04-26 20:58:38.552  INFO 15488 --- [main] com.wu.Springboot2TestbankApplication    : Starting Springboot2TestbankApplication using Java 1.8.0_251 on 吴磊 with PID 15488 (D:\IDEA\frame\testspring\springboot2_testbank\target\classes started by 29216 in D:\IDEA\frame\testspring)
2021-04-26 20:58:38.555  INFO 15488 --- [main] com.wu.Springboot2TestbankApplication    : No active profile set, falling back to default profiles: default
2021-04-26 20:58:40.399  INFO 15488 --- [main] com.wu.Springboot2TestbankApplication    : Started Springboot2TestbankApplication in 2.295 seconds (JVM running for 3.706)
